c:\users\asus\source\repos\windowscore\windowscore\x64\release\vc141.pdb
c:\users\asus\source\repos\windowscore\windowscore\x64\release\fairy_chess_movegen.obj
c:\users\asus\source\repos\windowscore\windowscore\x64\release\fairy_chess_misc.obj
c:\users\asus\source\repos\windowscore\windowscore\x64\release\fairy_chess_material.obj
c:\users\asus\source\repos\windowscore\windowscore\x64\release\fairy_chess_jni.obj
c:\users\asus\source\repos\windowscore\windowscore\x64\release\fairy_chess_evaluate.obj
c:\users\asus\source\repos\windowscore\windowscore\x64\release\fairy_chess_endgame.obj
c:\users\asus\source\repos\windowscore\windowscore\x64\release\fairy_chess_bitboard.obj
c:\users\asus\source\repos\windowscore\windowscore\x64\release\fairy_chess_bitbase.obj
c:\users\asus\source\repos\windowscore\windowscore\x64\release\fairy_chess_benchmark.obj
c:\users\asus\source\repos\windowscore\windowscore\x64\release\english_draught_jni.obj
c:\users\asus\source\repos\windowscore\windowscore\x64\release\english_draught_movegen.obj
c:\users\asus\source\repos\windowscore\windowscore\x64\release\english_draught_database.obj
c:\users\asus\source\repos\windowscore\windowscore\x64\release\english_draught_board.obj
c:\users\asus\source\repos\windowscore\windowscore\x64\release\english_draught_ai.obj
c:\users\asus\source\repos\windowscore\windowscore\x64\release\chinese_checkers_search.obj
c:\users\asus\source\repos\windowscore\windowscore\x64\release\chinese_checkers_ricefish.obj
c:\users\asus\source\repos\windowscore\windowscore\x64\release\chinese_checkers_movegenerator.obj
c:\users\asus\source\repos\windowscore\windowscore\x64\release\chinese_checkers_jni.obj
c:\users\asus\source\repos\windowscore\windowscore\x64\release\chinese_checkers_interface.obj
c:\users\asus\source\repos\windowscore\windowscore\x64\release\chinese_checkers_board.obj
c:\users\asus\source\repos\windowscore\windowscore\x64\release\hex_board.obj
c:\users\asus\source\repos\windowscore\windowscore\x64\release\gomoku_position.obj
c:\users\asus\source\repos\windowscore\windowscore\x64\release\gomoku_jni.obj
c:\users\asus\source\repos\windowscore\windowscore\x64\release\gomoku_renju_api.obj
c:\users\asus\source\repos\windowscore\windowscore\x64\release\gomoku_utils.obj
c:\users\asus\source\repos\windowscore\windowscore\x64\release\gomoku_negamax.obj
c:\users\asus\source\repos\windowscore\windowscore\x64\release\gomoku_eval.obj
c:\users\asus\source\repos\windowscore\windowscore\x64\release\gomoku_ai_controller.obj
c:\users\asus\source\repos\windowscore\windowscore\x64\release\fairy_chess_tbprobe.obj
c:\users\asus\source\repos\windowscore\windowscore\x64\release\fairy_chess_variant.obj
c:\users\asus\source\repos\windowscore\windowscore\x64\release\fairy_chess_ucioption.obj
c:\users\asus\source\repos\windowscore\windowscore\x64\release\fairy_chess_uci.obj
c:\users\asus\source\repos\windowscore\windowscore\x64\release\fairy_chess_tt.obj
c:\users\asus\source\repos\windowscore\windowscore\x64\release\fairy_chess_timeman.obj
c:\users\asus\source\repos\windowscore\windowscore\x64\release\fairy_chess_thread.obj
c:\users\asus\source\repos\windowscore\windowscore\x64\release\fairy_chess_search.obj
c:\users\asus\source\repos\windowscore\windowscore\x64\release\fairy_chess_psqt.obj
c:\users\asus\source\repos\windowscore\windowscore\x64\release\fairy_chess_position.obj
c:\users\asus\source\repos\windowscore\windowscore\x64\release\fairy_chess_pawns.obj
c:\users\asus\source\repos\windowscore\windowscore\x64\release\fairy_chess_movepick.obj
c:\users\asus\source\repos\windowscore\windowscore\x64\release\international_draught_libmy.obj
c:\users\asus\source\repos\windowscore\windowscore\x64\release\international_draught_jni.obj
c:\users\asus\source\repos\windowscore\windowscore\x64\release\international_draught_hash.obj
c:\users\asus\source\repos\windowscore\windowscore\x64\release\international_draught_fen.obj
c:\users\asus\source\repos\windowscore\windowscore\x64\release\international_draught_eval.obj
c:\users\asus\source\repos\windowscore\windowscore\x64\release\international_draught_common.obj
c:\users\asus\source\repos\windowscore\windowscore\x64\release\international_draught_book.obj
c:\users\asus\source\repos\windowscore\windowscore\x64\release\international_draught_bit.obj
c:\users\asus\source\repos\windowscore\windowscore\x64\release\international_draught_bb_index.obj
c:\users\asus\source\repos\windowscore\windowscore\x64\release\international_draught_bb_comp.obj
c:\users\asus\source\repos\windowscore\windowscore\x64\release\international_draught_bb_base.obj
c:\users\asus\source\repos\windowscore\windowscore\x64\release\hex_jni.obj
c:\users\asus\source\repos\windowscore\windowscore\x64\release\hex_record.obj
c:\users\asus\source\repos\windowscore\windowscore\x64\release\hex_position.obj
c:\users\asus\source\repos\windowscore\windowscore\x64\release\hex_mcts.obj
c:\users\asus\source\repos\windowscore\windowscore\x64\release\hex_iengine.obj
c:\users\asus\source\repos\windowscore\windowscore\x64\release\hex_hexutils.obj
c:\users\asus\source\repos\windowscore\windowscore\x64\release\hex_eval.obj
c:\users\asus\source\repos\windowscore\windowscore\x64\release\hex_disjointset.obj
c:\users\asus\source\repos\windowscore\windowscore\x64\release\hex_color.obj
c:\users\asus\source\repos\windowscore\windowscore\x64\release\khet_movegenerator.obj
c:\users\asus\source\repos\windowscore\windowscore\x64\release\khet_laser.obj
c:\users\asus\source\repos\windowscore\windowscore\x64\release\khet_jni.obj
c:\users\asus\source\repos\windowscore\windowscore\x64\release\khet_evaluator.obj
c:\users\asus\source\repos\windowscore\windowscore\x64\release\khet_commshandler.obj
c:\users\asus\source\repos\windowscore\windowscore\x64\release\khet_calculator.obj
c:\users\asus\source\repos\windowscore\windowscore\x64\release\khet_board.obj
c:\users\asus\source\repos\windowscore\windowscore\x64\release\international_draught_var.obj
c:\users\asus\source\repos\windowscore\windowscore\x64\release\international_draught_util.obj
c:\users\asus\source\repos\windowscore\windowscore\x64\release\international_draught_tt.obj
c:\users\asus\source\repos\windowscore\windowscore\x64\release\international_draught_thread.obj
c:\users\asus\source\repos\windowscore\windowscore\x64\release\international_draught_sort.obj
c:\users\asus\source\repos\windowscore\windowscore\x64\release\international_draught_search.obj
c:\users\asus\source\repos\windowscore\windowscore\x64\release\international_draught_score.obj
c:\users\asus\source\repos\windowscore\windowscore\x64\release\international_draught_position.obj
c:\users\asus\source\repos\windowscore\windowscore\x64\release\international_draught_pos.obj
c:\users\asus\source\repos\windowscore\windowscore\x64\release\international_draught_mybase.obj
c:\users\asus\source\repos\windowscore\windowscore\x64\release\international_draught_move_gen.obj
c:\users\asus\source\repos\windowscore\windowscore\x64\release\international_draught_move.obj
c:\users\asus\source\repos\windowscore\windowscore\x64\release\international_draught_list.obj
c:\users\asus\source\repos\windowscore\windowscore\x64\release\makruk_ucioption.obj
c:\users\asus\source\repos\windowscore\windowscore\x64\release\makruk_uci.obj
c:\users\asus\source\repos\windowscore\windowscore\x64\release\makruk_tt.obj
c:\users\asus\source\repos\windowscore\windowscore\x64\release\makruk_timeman.obj
c:\users\asus\source\repos\windowscore\windowscore\x64\release\makruk_thread.obj
c:\users\asus\source\repos\windowscore\windowscore\x64\release\makruk_search.obj
c:\users\asus\source\repos\windowscore\windowscore\x64\release\makruk_psqt.obj
c:\users\asus\source\repos\windowscore\windowscore\x64\release\makruk_position.obj
c:\users\asus\source\repos\windowscore\windowscore\x64\release\makruk_pawns.obj
c:\users\asus\source\repos\windowscore\windowscore\x64\release\makruk_movepick.obj
c:\users\asus\source\repos\windowscore\windowscore\x64\release\makruk_movegen.obj
c:\users\asus\source\repos\windowscore\windowscore\x64\release\makruk_misc.obj
c:\users\asus\source\repos\windowscore\windowscore\x64\release\makruk_material.obj
c:\users\asus\source\repos\windowscore\windowscore\x64\release\makruk_evaluate.obj
c:\users\asus\source\repos\windowscore\windowscore\x64\release\makruk_endgame.obj
c:\users\asus\source\repos\windowscore\windowscore\x64\release\makruk_bitboard.obj
c:\users\asus\source\repos\windowscore\windowscore\x64\release\makruk_bitbase.obj
c:\users\asus\source\repos\windowscore\windowscore\x64\release\makruk_benchmark.obj
c:\users\asus\source\repos\windowscore\windowscore\x64\release\khet_utils.obj
c:\users\asus\source\repos\windowscore\windowscore\x64\release\khet_search.obj
c:\users\asus\source\repos\windowscore\windowscore\x64\release\reversi_jni.obj
c:\users\asus\source\repos\windowscore\windowscore\x64\release\reversi_hash.obj
c:\users\asus\source\repos\windowscore\windowscore\x64\release\reversi_evalbuilder.obj
c:\users\asus\source\repos\windowscore\windowscore\x64\release\reversi_eval.obj
c:\users\asus\source\repos\windowscore\windowscore\x64\release\reversi_endhash.obj
c:\users\asus\source\repos\windowscore\windowscore\x64\release\reversi_endgame.obj
c:\users\asus\source\repos\windowscore\windowscore\x64\release\reversi_crtbk.obj
c:\users\asus\source\repos\windowscore\windowscore\x64\release\reversi_common.obj
c:\users\asus\source\repos\windowscore\windowscore\x64\release\reversi_board.obj
c:\users\asus\source\repos\windowscore\windowscore\x64\release\reversi_blur.obj
c:\users\asus\source\repos\windowscore\windowscore\x64\release\platform.obj
c:\users\asus\source\repos\windowscore\windowscore\x64\release\nmm_jni.obj
c:\users\asus\source\repos\windowscore\windowscore\x64\release\nmm_evaluator.obj
c:\users\asus\source\repos\windowscore\windowscore\x64\release\nmm_board.obj
c:\users\asus\source\repos\windowscore\windowscore\x64\release\nmmagent.obj
c:\users\asus\source\repos\windowscore\windowscore\x64\release\mine_sweeper_solver.obj
c:\users\asus\source\repos\windowscore\windowscore\x64\release\mine_sweeper_jni.obj
c:\users\asus\source\repos\windowscore\windowscore\x64\release\mine_sweeper_board.obj
c:\users\asus\source\repos\windowscore\windowscore\x64\release\makruk_jni.obj
c:\users\asus\source\repos\windowscore\windowscore\x64\release\makruk_tbprobe.obj
c:\users\asus\source\repos\windowscore\windowscore\x64\release\seirawan_material.obj
c:\users\asus\source\repos\windowscore\windowscore\x64\release\seirawan_jni.obj
c:\users\asus\source\repos\windowscore\windowscore\x64\release\seirawan_evaluate.obj
c:\users\asus\source\repos\windowscore\windowscore\x64\release\seirawan_endgame.obj
c:\users\asus\source\repos\windowscore\windowscore\x64\release\seirawan_bitboard.obj
c:\users\asus\source\repos\windowscore\windowscore\x64\release\seirawan_bitbase.obj
c:\users\asus\source\repos\windowscore\windowscore\x64\release\seirawan_benchmark.obj
c:\users\asus\source\repos\windowscore\windowscore\x64\release\russian_draught_kestog_1_5.obj
c:\users\asus\source\repos\windowscore\windowscore\x64\release\russian_draught_jni.obj
c:\users\asus\source\repos\windowscore\windowscore\x64\release\russian_draught_edacessimp.obj
c:\users\asus\source\repos\windowscore\windowscore\x64\release\reversi_wrapper.obj
c:\users\asus\source\repos\windowscore\windowscore\x64\release\reversi_tuneheuristic.obj
c:\users\asus\source\repos\windowscore\windowscore\x64\release\reversi_testsuites.obj
c:\users\asus\source\repos\windowscore\windowscore\x64\release\reversi_testgame.obj
c:\users\asus\source\repos\windowscore\windowscore\x64\release\reversi_protocol.obj
c:\users\asus\source\repos\windowscore\windowscore\x64\release\reversi_prng.obj
c:\users\asus\source\repos\windowscore\windowscore\x64\release\reversi_position.obj
c:\users\asus\source\repos\windowscore\windowscore\x64\release\reversi_player.obj
c:\users\asus\source\repos\windowscore\windowscore\x64\release\reversi_patternbuilder.obj
c:\users\asus\source\repos\windowscore\windowscore\x64\release\reversi_openings.obj
c:\users\asus\source\repos\windowscore\windowscore\x64\release\shatranj_misc.obj
c:\users\asus\source\repos\windowscore\windowscore\x64\release\shatranj_material.obj
c:\users\asus\source\repos\windowscore\windowscore\x64\release\shatranj_jni.obj
c:\users\asus\source\repos\windowscore\windowscore\x64\release\shatranj_evaluate.obj
c:\users\asus\source\repos\windowscore\windowscore\x64\release\shatranj_endgame.obj
c:\users\asus\source\repos\windowscore\windowscore\x64\release\shatranj_bitboard.obj
c:\users\asus\source\repos\windowscore\windowscore\x64\release\shatranj_bitbase.obj
c:\users\asus\source\repos\windowscore\windowscore\x64\release\seirawan_tbprobe.obj
c:\users\asus\source\repos\windowscore\windowscore\x64\release\seirawan_ucioption.obj
c:\users\asus\source\repos\windowscore\windowscore\x64\release\seirawan_uci.obj
c:\users\asus\source\repos\windowscore\windowscore\x64\release\seirawan_tt.obj
c:\users\asus\source\repos\windowscore\windowscore\x64\release\seirawan_timeman.obj
c:\users\asus\source\repos\windowscore\windowscore\x64\release\seirawan_thread.obj
c:\users\asus\source\repos\windowscore\windowscore\x64\release\seirawan_search.obj
c:\users\asus\source\repos\windowscore\windowscore\x64\release\seirawan_psqt.obj
c:\users\asus\source\repos\windowscore\windowscore\x64\release\seirawan_position.obj
c:\users\asus\source\repos\windowscore\windowscore\x64\release\seirawan_pawns.obj
c:\users\asus\source\repos\windowscore\windowscore\x64\release\seirawan_movepick.obj
c:\users\asus\source\repos\windowscore\windowscore\x64\release\seirawan_movegen.obj
c:\users\asus\source\repos\windowscore\windowscore\x64\release\seirawan_misc.obj
c:\users\asus\source\repos\windowscore\windowscore\x64\release\shogi_hand.obj
c:\users\asus\source\repos\windowscore\windowscore\x64\release\shogi_generatemoves.obj
c:\users\asus\source\repos\windowscore\windowscore\x64\release\shogi_evaluate.obj
c:\users\asus\source\repos\windowscore\windowscore\x64\release\shogi_evallist.obj
c:\users\asus\source\repos\windowscore\windowscore\x64\release\shogi_common.obj
c:\users\asus\source\repos\windowscore\windowscore\x64\release\shogi_book.obj
c:\users\asus\source\repos\windowscore\windowscore\x64\release\shogi_bitboard.obj
c:\users\asus\source\repos\windowscore\windowscore\x64\release\shogi_benchmark.obj
c:\users\asus\source\repos\windowscore\windowscore\x64\release\shatranj_ucioption.obj
c:\users\asus\source\repos\windowscore\windowscore\x64\release\shatranj_uci.obj
c:\users\asus\source\repos\windowscore\windowscore\x64\release\shatranj_tt.obj
c:\users\asus\source\repos\windowscore\windowscore\x64\release\shatranj_timeman.obj
c:\users\asus\source\repos\windowscore\windowscore\x64\release\shatranj_thread.obj
c:\users\asus\source\repos\windowscore\windowscore\x64\release\shatranj_tbprobe.obj
c:\users\asus\source\repos\windowscore\windowscore\x64\release\shatranj_search.obj
c:\users\asus\source\repos\windowscore\windowscore\x64\release\shatranj_psqt.obj
c:\users\asus\source\repos\windowscore\windowscore\x64\release\shatranj_position.obj
c:\users\asus\source\repos\windowscore\windowscore\x64\release\shatranj_pawns.obj
c:\users\asus\source\repos\windowscore\windowscore\x64\release\shatranj_movepick.obj
c:\users\asus\source\repos\windowscore\windowscore\x64\release\shatranj_movegen.obj
c:\users\asus\source\repos\windowscore\windowscore\x64\release\chess_stock_fish_benchmark.obj
c:\users\asus\source\repos\windowscore\windowscore\x64\release\chess_stock_fish_jni.obj
c:\users\asus\source\repos\windowscore\windowscore\x64\release\solitaire_solitaire.obj
c:\users\asus\source\repos\windowscore\windowscore\x64\release\solitaire_pile.obj
c:\users\asus\source\repos\windowscore\windowscore\x64\release\solitaire_move.obj
c:\users\asus\source\repos\windowscore\windowscore\x64\release\solitaire_jni.obj
c:\users\asus\source\repos\windowscore\windowscore\x64\release\solitaire_card.obj
c:\users\asus\source\repos\windowscore\windowscore\x64\release\shogi_jni.obj
c:\users\asus\source\repos\windowscore\windowscore\x64\release\shogi_usi.obj
c:\users\asus\source\repos\windowscore\windowscore\x64\release\shogi_tt.obj
c:\users\asus\source\repos\windowscore\windowscore\x64\release\shogi_timemanager.obj
c:\users\asus\source\repos\windowscore\windowscore\x64\release\shogi_thread.obj
c:\users\asus\source\repos\windowscore\windowscore\x64\release\shogi_square.obj
c:\users\asus\source\repos\windowscore\windowscore\x64\release\shogi_search.obj
c:\users\asus\source\repos\windowscore\windowscore\x64\release\shogi_position.obj
c:\users\asus\source\repos\windowscore\windowscore\x64\release\shogi_piecescore.obj
c:\users\asus\source\repos\windowscore\windowscore\x64\release\shogi_mt64bit.obj
c:\users\asus\source\repos\windowscore\windowscore\x64\release\shogi_movepicker.obj
c:\users\asus\source\repos\windowscore\windowscore\x64\release\shogi_move.obj
c:\users\asus\source\repos\windowscore\windowscore\x64\release\shogi_init.obj
c:\users\asus\source\repos\windowscore\windowscore\x64\release\weiqi_montecarlo.obj
c:\users\asus\source\repos\windowscore\windowscore\x64\release\weiqi_josekibase.obj
c:\users\asus\source\repos\windowscore\windowscore\x64\release\chess_stock_fish_ucioption.obj
c:\users\asus\source\repos\windowscore\windowscore\x64\release\chess_stock_fish_uci.obj
c:\users\asus\source\repos\windowscore\windowscore\x64\release\chess_stock_fish_tt.obj
c:\users\asus\source\repos\windowscore\windowscore\x64\release\chess_stock_fish_timeman.obj
c:\users\asus\source\repos\windowscore\windowscore\x64\release\chess_stock_fish_thread.obj
c:\users\asus\source\repos\windowscore\windowscore\x64\release\chess_stock_fish_tbprobe.obj
c:\users\asus\source\repos\windowscore\windowscore\x64\release\chess_stock_fish_search.obj
c:\users\asus\source\repos\windowscore\windowscore\x64\release\chess_stock_fish_psqt.obj
c:\users\asus\source\repos\windowscore\windowscore\x64\release\chess_stock_fish_position.obj
c:\users\asus\source\repos\windowscore\windowscore\x64\release\chess_stock_fish_pawns.obj
c:\users\asus\source\repos\windowscore\windowscore\x64\release\chess_stock_fish_movepick.obj
c:\users\asus\source\repos\windowscore\windowscore\x64\release\chess_stock_fish_movegen.obj
c:\users\asus\source\repos\windowscore\windowscore\x64\release\chess_stock_fish_misc.obj
c:\users\asus\source\repos\windowscore\windowscore\x64\release\chess_stock_fish_material.obj
c:\users\asus\source\repos\windowscore\windowscore\x64\release\chess_stock_fish_evaluate.obj
c:\users\asus\source\repos\windowscore\windowscore\x64\release\chess_stock_fish_endgame.obj
c:\users\asus\source\repos\windowscore\windowscore\x64\release\chess_stock_fish_bitboard.obj
c:\users\asus\source\repos\windowscore\windowscore\x64\release\chess_stock_fish_bitbase.obj
c:\users\asus\source\repos\windowscore\windowscore\x64\release\weiqi_prior.obj
c:\users\asus\source\repos\windowscore\windowscore\x64\release\weiqi_plugins.obj
c:\users\asus\source\repos\windowscore\windowscore\x64\release\weiqi_dynkomi.obj
c:\users\asus\source\repos\windowscore\windowscore\x64\release\weiqi_ucb1amaf.obj
c:\users\asus\source\repos\windowscore\windowscore\x64\release\weiqi_ucb1.obj
c:\users\asus\source\repos\windowscore\windowscore\x64\release\weiqi_generic.obj
c:\users\asus\source\repos\windowscore\windowscore\x64\release\weiqi_tactics_util.obj
c:\users\asus\source\repos\windowscore\windowscore\x64\release\weiqi_selfatari.obj
c:\users\asus\source\repos\windowscore\windowscore\x64\release\weiqi_seki.obj
c:\users\asus\source\repos\windowscore\windowscore\x64\release\weiqi_nlib.obj
c:\users\asus\source\repos\windowscore\windowscore\x64\release\weiqi_nakade.obj
c:\users\asus\source\repos\windowscore\windowscore\x64\release\weiqi_ladder.obj
c:\users\asus\source\repos\windowscore\windowscore\x64\release\weiqi_dragon.obj
c:\users\asus\source\repos\windowscore\windowscore\x64\release\weiqi_2lib.obj
c:\users\asus\source\repos\windowscore\windowscore\x64\release\weiqi_1lib.obj
c:\users\asus\source\repos\windowscore\windowscore\x64\release\weiqi_moggy.obj
c:\users\asus\source\repos\windowscore\windowscore\x64\release\weiqi_light.obj
c:\users\asus\source\repos\windowscore\windowscore\x64\release\weiqi_distributed.obj
c:\users\asus\source\repos\windowscore\windowscore\x64\release\weiqi_patternscan.obj
c:\users\asus\source\repos\windowscore\windowscore\x64\release\weiqi_patternplay.obj
c:\users\asus\source\repos\windowscore\windowscore\x64\release\weiqi_position.obj
c:\users\asus\source\repos\windowscore\windowscore\x64\release\weiqi_playout.obj
c:\users\asus\source\repos\windowscore\windowscore\x64\release\weiqi_patternsp.obj
c:\users\asus\source\repos\windowscore\windowscore\x64\release\weiqi_patternprob.obj
c:\users\asus\source\repos\windowscore\windowscore\x64\release\weiqi_pattern3.obj
c:\users\asus\source\repos\windowscore\windowscore\x64\release\weiqi_pattern.obj
c:\users\asus\source\repos\windowscore\windowscore\x64\release\weiqi_ownermap.obj
c:\users\asus\source\repos\windowscore\windowscore\x64\release\weiqi_mq.obj
c:\users\asus\source\repos\windowscore\windowscore\x64\release\weiqi_move.obj
c:\users\asus\source\repos\windowscore\windowscore\x64\release\weiqi_jni.obj
c:\users\asus\source\repos\windowscore\windowscore\x64\release\weiqi_gogui.obj
c:\users\asus\source\repos\windowscore\windowscore\x64\release\weiqi_fbook.obj
c:\users\asus\source\repos\windowscore\windowscore\x64\release\weiqi_engine.obj
c:\users\asus\source\repos\windowscore\windowscore\x64\release\weiqi_dcnn.obj
c:\users\asus\source\repos\windowscore\windowscore\x64\release\weiqi_board.obj
c:\users\asus\source\repos\windowscore\windowscore\x64\release\weiqi_walk.obj
c:\users\asus\source\repos\windowscore\windowscore\x64\release\weiqi_uct.obj
c:\users\asus\source\repos\windowscore\windowscore\x64\release\weiqi_tree.obj
c:\users\asus\source\repos\windowscore\windowscore\x64\release\weiqi_slave.obj
c:\users\asus\source\repos\windowscore\windowscore\x64\release\weiqi_search.obj
c:\users\asus\source\repos\windowscore\windowscore\x64\release\xiangqi_ucci.obj
c:\users\asus\source\repos\windowscore\windowscore\x64\release\xiangqi_search.obj
c:\users\asus\source\repos\windowscore\windowscore\x64\release\xiangqi_pregen.obj
c:\users\asus\source\repos\windowscore\windowscore\x64\release\xiangqi_preeval.obj
c:\users\asus\source\repos\windowscore\windowscore\x64\release\xiangqi_position.obj
c:\users\asus\source\repos\windowscore\windowscore\x64\release\xiangqi_movesort.obj
c:\users\asus\source\repos\windowscore\windowscore\x64\release\xiangqi_hash.obj
c:\users\asus\source\repos\windowscore\windowscore\x64\release\xiangqi_genmoves.obj
c:\users\asus\source\repos\windowscore\windowscore\x64\release\xiangqi_evaluate.obj
c:\users\asus\source\repos\windowscore\windowscore\x64\release\xiangqi_book.obj
c:\users\asus\source\repos\windowscore\windowscore\x64\release\xiangqi_pgnfile.obj
c:\users\asus\source\repos\windowscore\windowscore\x64\release\xiangqi_cchess.obj
c:\users\asus\source\repos\windowscore\windowscore\x64\release\xiangqi_x86asm.obj
c:\users\asus\source\repos\windowscore\windowscore\x64\release\weiqi_util.obj
c:\users\asus\source\repos\windowscore\windowscore\x64\release\weiqi_timeinfo.obj
c:\users\asus\source\repos\windowscore\windowscore\x64\release\weiqi_stone.obj
c:\users\asus\source\repos\windowscore\windowscore\x64\release\weiqi_stats.obj
c:\users\asus\source\repos\windowscore\windowscore\x64\release\weiqi_random_engine.obj
c:\users\asus\source\repos\windowscore\windowscore\x64\release\weiqi_random.obj
c:\users\asus\source\repos\windowscore\windowscore\x64\release\weiqi_probdist.obj
c:\users\asus\source\repos\windowscore\windowscore\x64\release\xiangqi_jni.obj
c:\users\asus\source\repos\windowscore\x64\release\windowscore.dll
c:\users\asus\source\repos\windowscore\x64\release\windowscore.pdb
c:\users\asus\source\repos\windowscore\x64\release\windowscore.lib
c:\users\asus\source\repos\windowscore\x64\release\windowscore.exp
c:\users\asus\source\repos\windowscore\x64\release\windowscore.ipdb
c:\users\asus\source\repos\windowscore\x64\release\windowscore.iobj
c:\users\asus\desktop\viettho\turnbasedgame\windowscore\windowscore\windowscore\x64\release\chess_stock_fish_benchmark.obj
c:\users\asus\desktop\viettho\turnbasedgame\windowscore\windowscore\windowscore\x64\release\chess_stock_fish_bitbase.obj
c:\users\asus\desktop\viettho\turnbasedgame\windowscore\windowscore\windowscore\x64\release\chess_stock_fish_bitboard.obj
c:\users\asus\desktop\viettho\turnbasedgame\windowscore\windowscore\windowscore\x64\release\chess_stock_fish_endgame.obj
c:\users\asus\desktop\viettho\turnbasedgame\windowscore\windowscore\windowscore\x64\release\chess_stock_fish_evaluate.obj
c:\users\asus\desktop\viettho\turnbasedgame\windowscore\windowscore\windowscore\x64\release\chess_stock_fish_jni.obj
c:\users\asus\desktop\viettho\turnbasedgame\windowscore\windowscore\windowscore\x64\release\chess_stock_fish_material.obj
c:\users\asus\desktop\viettho\turnbasedgame\windowscore\windowscore\windowscore\x64\release\chess_stock_fish_misc.obj
c:\users\asus\desktop\viettho\turnbasedgame\windowscore\windowscore\windowscore\x64\release\chess_stock_fish_movegen.obj
c:\users\asus\desktop\viettho\turnbasedgame\windowscore\windowscore\windowscore\x64\release\chess_stock_fish_movepick.obj
c:\users\asus\desktop\viettho\turnbasedgame\windowscore\windowscore\windowscore\x64\release\chess_stock_fish_pawns.obj
c:\users\asus\desktop\viettho\turnbasedgame\windowscore\windowscore\windowscore\x64\release\chess_stock_fish_position.obj
c:\users\asus\desktop\viettho\turnbasedgame\windowscore\windowscore\windowscore\x64\release\chess_stock_fish_psqt.obj
c:\users\asus\desktop\viettho\turnbasedgame\windowscore\windowscore\windowscore\x64\release\chess_stock_fish_search.obj
c:\users\asus\desktop\viettho\turnbasedgame\windowscore\windowscore\windowscore\x64\release\chess_stock_fish_tbprobe.obj
c:\users\asus\desktop\viettho\turnbasedgame\windowscore\windowscore\windowscore\x64\release\chess_stock_fish_thread.obj
c:\users\asus\desktop\viettho\turnbasedgame\windowscore\windowscore\windowscore\x64\release\chess_stock_fish_timeman.obj
c:\users\asus\desktop\viettho\turnbasedgame\windowscore\windowscore\windowscore\x64\release\chess_stock_fish_tt.obj
c:\users\asus\desktop\viettho\turnbasedgame\windowscore\windowscore\windowscore\x64\release\chess_stock_fish_uci.obj
c:\users\asus\desktop\viettho\turnbasedgame\windowscore\windowscore\windowscore\x64\release\chess_stock_fish_ucioption.obj
c:\users\asus\desktop\viettho\turnbasedgame\windowscore\windowscore\windowscore\x64\release\chinese_checkers_board.obj
c:\users\asus\desktop\viettho\turnbasedgame\windowscore\windowscore\windowscore\x64\release\chinese_checkers_interface.obj
c:\users\asus\desktop\viettho\turnbasedgame\windowscore\windowscore\windowscore\x64\release\chinese_checkers_jni.obj
c:\users\asus\desktop\viettho\turnbasedgame\windowscore\windowscore\windowscore\x64\release\chinese_checkers_movegenerator.obj
c:\users\asus\desktop\viettho\turnbasedgame\windowscore\windowscore\windowscore\x64\release\chinese_checkers_ricefish.obj
c:\users\asus\desktop\viettho\turnbasedgame\windowscore\windowscore\windowscore\x64\release\chinese_checkers_search.obj
c:\users\asus\desktop\viettho\turnbasedgame\windowscore\windowscore\windowscore\x64\release\english_draught_ai.obj
c:\users\asus\desktop\viettho\turnbasedgame\windowscore\windowscore\windowscore\x64\release\english_draught_board.obj
c:\users\asus\desktop\viettho\turnbasedgame\windowscore\windowscore\windowscore\x64\release\english_draught_database.obj
c:\users\asus\desktop\viettho\turnbasedgame\windowscore\windowscore\windowscore\x64\release\english_draught_jni.obj
c:\users\asus\desktop\viettho\turnbasedgame\windowscore\windowscore\windowscore\x64\release\english_draught_movegen.obj
c:\users\asus\desktop\viettho\turnbasedgame\windowscore\windowscore\windowscore\x64\release\fairy_chess_benchmark.obj
c:\users\asus\desktop\viettho\turnbasedgame\windowscore\windowscore\windowscore\x64\release\fairy_chess_bitbase.obj
c:\users\asus\desktop\viettho\turnbasedgame\windowscore\windowscore\windowscore\x64\release\fairy_chess_bitboard.obj
c:\users\asus\desktop\viettho\turnbasedgame\windowscore\windowscore\windowscore\x64\release\fairy_chess_endgame.obj
c:\users\asus\desktop\viettho\turnbasedgame\windowscore\windowscore\windowscore\x64\release\fairy_chess_evaluate.obj
c:\users\asus\desktop\viettho\turnbasedgame\windowscore\windowscore\windowscore\x64\release\fairy_chess_jni.obj
c:\users\asus\desktop\viettho\turnbasedgame\windowscore\windowscore\windowscore\x64\release\fairy_chess_material.obj
c:\users\asus\desktop\viettho\turnbasedgame\windowscore\windowscore\windowscore\x64\release\fairy_chess_misc.obj
c:\users\asus\desktop\viettho\turnbasedgame\windowscore\windowscore\windowscore\x64\release\fairy_chess_movegen.obj
c:\users\asus\desktop\viettho\turnbasedgame\windowscore\windowscore\windowscore\x64\release\fairy_chess_movepick.obj
c:\users\asus\desktop\viettho\turnbasedgame\windowscore\windowscore\windowscore\x64\release\fairy_chess_pawns.obj
c:\users\asus\desktop\viettho\turnbasedgame\windowscore\windowscore\windowscore\x64\release\fairy_chess_position.obj
c:\users\asus\desktop\viettho\turnbasedgame\windowscore\windowscore\windowscore\x64\release\fairy_chess_psqt.obj
c:\users\asus\desktop\viettho\turnbasedgame\windowscore\windowscore\windowscore\x64\release\fairy_chess_search.obj
c:\users\asus\desktop\viettho\turnbasedgame\windowscore\windowscore\windowscore\x64\release\fairy_chess_tbprobe.obj
c:\users\asus\desktop\viettho\turnbasedgame\windowscore\windowscore\windowscore\x64\release\fairy_chess_thread.obj
c:\users\asus\desktop\viettho\turnbasedgame\windowscore\windowscore\windowscore\x64\release\fairy_chess_timeman.obj
c:\users\asus\desktop\viettho\turnbasedgame\windowscore\windowscore\windowscore\x64\release\fairy_chess_tt.obj
c:\users\asus\desktop\viettho\turnbasedgame\windowscore\windowscore\windowscore\x64\release\fairy_chess_uci.obj
c:\users\asus\desktop\viettho\turnbasedgame\windowscore\windowscore\windowscore\x64\release\fairy_chess_ucioption.obj
c:\users\asus\desktop\viettho\turnbasedgame\windowscore\windowscore\windowscore\x64\release\fairy_chess_variant.obj
c:\users\asus\desktop\viettho\turnbasedgame\windowscore\windowscore\windowscore\x64\release\gomoku_ai_controller.obj
c:\users\asus\desktop\viettho\turnbasedgame\windowscore\windowscore\windowscore\x64\release\gomoku_eval.obj
c:\users\asus\desktop\viettho\turnbasedgame\windowscore\windowscore\windowscore\x64\release\gomoku_jni.obj
c:\users\asus\desktop\viettho\turnbasedgame\windowscore\windowscore\windowscore\x64\release\gomoku_negamax.obj
c:\users\asus\desktop\viettho\turnbasedgame\windowscore\windowscore\windowscore\x64\release\gomoku_position.obj
c:\users\asus\desktop\viettho\turnbasedgame\windowscore\windowscore\windowscore\x64\release\gomoku_renju_api.obj
c:\users\asus\desktop\viettho\turnbasedgame\windowscore\windowscore\windowscore\x64\release\gomoku_utils.obj
c:\users\asus\desktop\viettho\turnbasedgame\windowscore\windowscore\windowscore\x64\release\hex_board.obj
c:\users\asus\desktop\viettho\turnbasedgame\windowscore\windowscore\windowscore\x64\release\hex_color.obj
c:\users\asus\desktop\viettho\turnbasedgame\windowscore\windowscore\windowscore\x64\release\hex_disjointset.obj
c:\users\asus\desktop\viettho\turnbasedgame\windowscore\windowscore\windowscore\x64\release\hex_eval.obj
c:\users\asus\desktop\viettho\turnbasedgame\windowscore\windowscore\windowscore\x64\release\hex_hexutils.obj
c:\users\asus\desktop\viettho\turnbasedgame\windowscore\windowscore\windowscore\x64\release\hex_iengine.obj
c:\users\asus\desktop\viettho\turnbasedgame\windowscore\windowscore\windowscore\x64\release\hex_jni.obj
c:\users\asus\desktop\viettho\turnbasedgame\windowscore\windowscore\windowscore\x64\release\hex_mcts.obj
c:\users\asus\desktop\viettho\turnbasedgame\windowscore\windowscore\windowscore\x64\release\hex_position.obj
c:\users\asus\desktop\viettho\turnbasedgame\windowscore\windowscore\windowscore\x64\release\hex_record.obj
c:\users\asus\desktop\viettho\turnbasedgame\windowscore\windowscore\windowscore\x64\release\international_draught_bb_base.obj
c:\users\asus\desktop\viettho\turnbasedgame\windowscore\windowscore\windowscore\x64\release\international_draught_bb_comp.obj
c:\users\asus\desktop\viettho\turnbasedgame\windowscore\windowscore\windowscore\x64\release\international_draught_bb_index.obj
c:\users\asus\desktop\viettho\turnbasedgame\windowscore\windowscore\windowscore\x64\release\international_draught_bit.obj
c:\users\asus\desktop\viettho\turnbasedgame\windowscore\windowscore\windowscore\x64\release\international_draught_book.obj
c:\users\asus\desktop\viettho\turnbasedgame\windowscore\windowscore\windowscore\x64\release\international_draught_common.obj
c:\users\asus\desktop\viettho\turnbasedgame\windowscore\windowscore\windowscore\x64\release\international_draught_eval.obj
c:\users\asus\desktop\viettho\turnbasedgame\windowscore\windowscore\windowscore\x64\release\international_draught_fen.obj
c:\users\asus\desktop\viettho\turnbasedgame\windowscore\windowscore\windowscore\x64\release\international_draught_hash.obj
c:\users\asus\desktop\viettho\turnbasedgame\windowscore\windowscore\windowscore\x64\release\international_draught_jni.obj
c:\users\asus\desktop\viettho\turnbasedgame\windowscore\windowscore\windowscore\x64\release\international_draught_libmy.obj
c:\users\asus\desktop\viettho\turnbasedgame\windowscore\windowscore\windowscore\x64\release\international_draught_list.obj
c:\users\asus\desktop\viettho\turnbasedgame\windowscore\windowscore\windowscore\x64\release\international_draught_move.obj
c:\users\asus\desktop\viettho\turnbasedgame\windowscore\windowscore\windowscore\x64\release\international_draught_move_gen.obj
c:\users\asus\desktop\viettho\turnbasedgame\windowscore\windowscore\windowscore\x64\release\international_draught_mybase.obj
c:\users\asus\desktop\viettho\turnbasedgame\windowscore\windowscore\windowscore\x64\release\international_draught_pos.obj
c:\users\asus\desktop\viettho\turnbasedgame\windowscore\windowscore\windowscore\x64\release\international_draught_position.obj
c:\users\asus\desktop\viettho\turnbasedgame\windowscore\windowscore\windowscore\x64\release\international_draught_score.obj
c:\users\asus\desktop\viettho\turnbasedgame\windowscore\windowscore\windowscore\x64\release\international_draught_search.obj
c:\users\asus\desktop\viettho\turnbasedgame\windowscore\windowscore\windowscore\x64\release\international_draught_sort.obj
c:\users\asus\desktop\viettho\turnbasedgame\windowscore\windowscore\windowscore\x64\release\international_draught_thread.obj
c:\users\asus\desktop\viettho\turnbasedgame\windowscore\windowscore\windowscore\x64\release\international_draught_tt.obj
c:\users\asus\desktop\viettho\turnbasedgame\windowscore\windowscore\windowscore\x64\release\international_draught_util.obj
c:\users\asus\desktop\viettho\turnbasedgame\windowscore\windowscore\windowscore\x64\release\international_draught_var.obj
c:\users\asus\desktop\viettho\turnbasedgame\windowscore\windowscore\windowscore\x64\release\khet_board.obj
c:\users\asus\desktop\viettho\turnbasedgame\windowscore\windowscore\windowscore\x64\release\khet_calculator.obj
c:\users\asus\desktop\viettho\turnbasedgame\windowscore\windowscore\windowscore\x64\release\khet_commshandler.obj
c:\users\asus\desktop\viettho\turnbasedgame\windowscore\windowscore\windowscore\x64\release\khet_evaluator.obj
c:\users\asus\desktop\viettho\turnbasedgame\windowscore\windowscore\windowscore\x64\release\khet_jni.obj
c:\users\asus\desktop\viettho\turnbasedgame\windowscore\windowscore\windowscore\x64\release\khet_laser.obj
c:\users\asus\desktop\viettho\turnbasedgame\windowscore\windowscore\windowscore\x64\release\khet_movegenerator.obj
c:\users\asus\desktop\viettho\turnbasedgame\windowscore\windowscore\windowscore\x64\release\khet_search.obj
c:\users\asus\desktop\viettho\turnbasedgame\windowscore\windowscore\windowscore\x64\release\khet_utils.obj
c:\users\asus\desktop\viettho\turnbasedgame\windowscore\windowscore\windowscore\x64\release\makruk_benchmark.obj
c:\users\asus\desktop\viettho\turnbasedgame\windowscore\windowscore\windowscore\x64\release\makruk_bitbase.obj
c:\users\asus\desktop\viettho\turnbasedgame\windowscore\windowscore\windowscore\x64\release\makruk_bitboard.obj
c:\users\asus\desktop\viettho\turnbasedgame\windowscore\windowscore\windowscore\x64\release\makruk_endgame.obj
c:\users\asus\desktop\viettho\turnbasedgame\windowscore\windowscore\windowscore\x64\release\makruk_evaluate.obj
c:\users\asus\desktop\viettho\turnbasedgame\windowscore\windowscore\windowscore\x64\release\makruk_jni.obj
c:\users\asus\desktop\viettho\turnbasedgame\windowscore\windowscore\windowscore\x64\release\makruk_material.obj
c:\users\asus\desktop\viettho\turnbasedgame\windowscore\windowscore\windowscore\x64\release\makruk_misc.obj
c:\users\asus\desktop\viettho\turnbasedgame\windowscore\windowscore\windowscore\x64\release\makruk_movegen.obj
c:\users\asus\desktop\viettho\turnbasedgame\windowscore\windowscore\windowscore\x64\release\makruk_movepick.obj
c:\users\asus\desktop\viettho\turnbasedgame\windowscore\windowscore\windowscore\x64\release\makruk_pawns.obj
c:\users\asus\desktop\viettho\turnbasedgame\windowscore\windowscore\windowscore\x64\release\makruk_position.obj
c:\users\asus\desktop\viettho\turnbasedgame\windowscore\windowscore\windowscore\x64\release\makruk_psqt.obj
c:\users\asus\desktop\viettho\turnbasedgame\windowscore\windowscore\windowscore\x64\release\makruk_search.obj
c:\users\asus\desktop\viettho\turnbasedgame\windowscore\windowscore\windowscore\x64\release\makruk_tbprobe.obj
c:\users\asus\desktop\viettho\turnbasedgame\windowscore\windowscore\windowscore\x64\release\makruk_thread.obj
c:\users\asus\desktop\viettho\turnbasedgame\windowscore\windowscore\windowscore\x64\release\makruk_timeman.obj
c:\users\asus\desktop\viettho\turnbasedgame\windowscore\windowscore\windowscore\x64\release\makruk_tt.obj
c:\users\asus\desktop\viettho\turnbasedgame\windowscore\windowscore\windowscore\x64\release\makruk_uci.obj
c:\users\asus\desktop\viettho\turnbasedgame\windowscore\windowscore\windowscore\x64\release\makruk_ucioption.obj
c:\users\asus\desktop\viettho\turnbasedgame\windowscore\windowscore\windowscore\x64\release\mine_sweeper_board.obj
c:\users\asus\desktop\viettho\turnbasedgame\windowscore\windowscore\windowscore\x64\release\mine_sweeper_jni.obj
c:\users\asus\desktop\viettho\turnbasedgame\windowscore\windowscore\windowscore\x64\release\mine_sweeper_solver.obj
c:\users\asus\desktop\viettho\turnbasedgame\windowscore\windowscore\windowscore\x64\release\nmmagent.obj
c:\users\asus\desktop\viettho\turnbasedgame\windowscore\windowscore\windowscore\x64\release\nmm_board.obj
c:\users\asus\desktop\viettho\turnbasedgame\windowscore\windowscore\windowscore\x64\release\nmm_evaluator.obj
c:\users\asus\desktop\viettho\turnbasedgame\windowscore\windowscore\windowscore\x64\release\nmm_jni.obj
c:\users\asus\desktop\viettho\turnbasedgame\windowscore\windowscore\windowscore\x64\release\platform.obj
c:\users\asus\desktop\viettho\turnbasedgame\windowscore\windowscore\windowscore\x64\release\reversi_blur.obj
c:\users\asus\desktop\viettho\turnbasedgame\windowscore\windowscore\windowscore\x64\release\reversi_board.obj
c:\users\asus\desktop\viettho\turnbasedgame\windowscore\windowscore\windowscore\x64\release\reversi_common.obj
c:\users\asus\desktop\viettho\turnbasedgame\windowscore\windowscore\windowscore\x64\release\reversi_crtbk.obj
c:\users\asus\desktop\viettho\turnbasedgame\windowscore\windowscore\windowscore\x64\release\reversi_endgame.obj
c:\users\asus\desktop\viettho\turnbasedgame\windowscore\windowscore\windowscore\x64\release\reversi_endhash.obj
c:\users\asus\desktop\viettho\turnbasedgame\windowscore\windowscore\windowscore\x64\release\reversi_eval.obj
c:\users\asus\desktop\viettho\turnbasedgame\windowscore\windowscore\windowscore\x64\release\reversi_evalbuilder.obj
c:\users\asus\desktop\viettho\turnbasedgame\windowscore\windowscore\windowscore\x64\release\reversi_hash.obj
c:\users\asus\desktop\viettho\turnbasedgame\windowscore\windowscore\windowscore\x64\release\reversi_jni.obj
c:\users\asus\desktop\viettho\turnbasedgame\windowscore\windowscore\windowscore\x64\release\reversi_openings.obj
c:\users\asus\desktop\viettho\turnbasedgame\windowscore\windowscore\windowscore\x64\release\reversi_patternbuilder.obj
c:\users\asus\desktop\viettho\turnbasedgame\windowscore\windowscore\windowscore\x64\release\reversi_player.obj
c:\users\asus\desktop\viettho\turnbasedgame\windowscore\windowscore\windowscore\x64\release\reversi_position.obj
c:\users\asus\desktop\viettho\turnbasedgame\windowscore\windowscore\windowscore\x64\release\reversi_prng.obj
c:\users\asus\desktop\viettho\turnbasedgame\windowscore\windowscore\windowscore\x64\release\reversi_protocol.obj
c:\users\asus\desktop\viettho\turnbasedgame\windowscore\windowscore\windowscore\x64\release\reversi_testgame.obj
c:\users\asus\desktop\viettho\turnbasedgame\windowscore\windowscore\windowscore\x64\release\reversi_testsuites.obj
c:\users\asus\desktop\viettho\turnbasedgame\windowscore\windowscore\windowscore\x64\release\reversi_tuneheuristic.obj
c:\users\asus\desktop\viettho\turnbasedgame\windowscore\windowscore\windowscore\x64\release\reversi_wrapper.obj
c:\users\asus\desktop\viettho\turnbasedgame\windowscore\windowscore\windowscore\x64\release\russian_draught_edacessimp.obj
c:\users\asus\desktop\viettho\turnbasedgame\windowscore\windowscore\windowscore\x64\release\russian_draught_jni.obj
c:\users\asus\desktop\viettho\turnbasedgame\windowscore\windowscore\windowscore\x64\release\russian_draught_kestog_1_5.obj
c:\users\asus\desktop\viettho\turnbasedgame\windowscore\windowscore\windowscore\x64\release\seirawan_benchmark.obj
c:\users\asus\desktop\viettho\turnbasedgame\windowscore\windowscore\windowscore\x64\release\seirawan_bitbase.obj
c:\users\asus\desktop\viettho\turnbasedgame\windowscore\windowscore\windowscore\x64\release\seirawan_bitboard.obj
c:\users\asus\desktop\viettho\turnbasedgame\windowscore\windowscore\windowscore\x64\release\seirawan_endgame.obj
c:\users\asus\desktop\viettho\turnbasedgame\windowscore\windowscore\windowscore\x64\release\seirawan_evaluate.obj
c:\users\asus\desktop\viettho\turnbasedgame\windowscore\windowscore\windowscore\x64\release\seirawan_jni.obj
c:\users\asus\desktop\viettho\turnbasedgame\windowscore\windowscore\windowscore\x64\release\seirawan_material.obj
c:\users\asus\desktop\viettho\turnbasedgame\windowscore\windowscore\windowscore\x64\release\seirawan_misc.obj
c:\users\asus\desktop\viettho\turnbasedgame\windowscore\windowscore\windowscore\x64\release\seirawan_movegen.obj
c:\users\asus\desktop\viettho\turnbasedgame\windowscore\windowscore\windowscore\x64\release\seirawan_movepick.obj
c:\users\asus\desktop\viettho\turnbasedgame\windowscore\windowscore\windowscore\x64\release\seirawan_pawns.obj
c:\users\asus\desktop\viettho\turnbasedgame\windowscore\windowscore\windowscore\x64\release\seirawan_position.obj
c:\users\asus\desktop\viettho\turnbasedgame\windowscore\windowscore\windowscore\x64\release\seirawan_psqt.obj
c:\users\asus\desktop\viettho\turnbasedgame\windowscore\windowscore\windowscore\x64\release\seirawan_search.obj
c:\users\asus\desktop\viettho\turnbasedgame\windowscore\windowscore\windowscore\x64\release\seirawan_tbprobe.obj
c:\users\asus\desktop\viettho\turnbasedgame\windowscore\windowscore\windowscore\x64\release\seirawan_thread.obj
c:\users\asus\desktop\viettho\turnbasedgame\windowscore\windowscore\windowscore\x64\release\seirawan_timeman.obj
c:\users\asus\desktop\viettho\turnbasedgame\windowscore\windowscore\windowscore\x64\release\seirawan_tt.obj
c:\users\asus\desktop\viettho\turnbasedgame\windowscore\windowscore\windowscore\x64\release\seirawan_uci.obj
c:\users\asus\desktop\viettho\turnbasedgame\windowscore\windowscore\windowscore\x64\release\seirawan_ucioption.obj
c:\users\asus\desktop\viettho\turnbasedgame\windowscore\windowscore\windowscore\x64\release\shatranj_bitbase.obj
c:\users\asus\desktop\viettho\turnbasedgame\windowscore\windowscore\windowscore\x64\release\shatranj_bitboard.obj
c:\users\asus\desktop\viettho\turnbasedgame\windowscore\windowscore\windowscore\x64\release\shatranj_endgame.obj
c:\users\asus\desktop\viettho\turnbasedgame\windowscore\windowscore\windowscore\x64\release\shatranj_evaluate.obj
c:\users\asus\desktop\viettho\turnbasedgame\windowscore\windowscore\windowscore\x64\release\shatranj_jni.obj
c:\users\asus\desktop\viettho\turnbasedgame\windowscore\windowscore\windowscore\x64\release\shatranj_material.obj
c:\users\asus\desktop\viettho\turnbasedgame\windowscore\windowscore\windowscore\x64\release\shatranj_misc.obj
c:\users\asus\desktop\viettho\turnbasedgame\windowscore\windowscore\windowscore\x64\release\shatranj_movegen.obj
c:\users\asus\desktop\viettho\turnbasedgame\windowscore\windowscore\windowscore\x64\release\shatranj_movepick.obj
c:\users\asus\desktop\viettho\turnbasedgame\windowscore\windowscore\windowscore\x64\release\shatranj_pawns.obj
c:\users\asus\desktop\viettho\turnbasedgame\windowscore\windowscore\windowscore\x64\release\shatranj_position.obj
c:\users\asus\desktop\viettho\turnbasedgame\windowscore\windowscore\windowscore\x64\release\shatranj_psqt.obj
c:\users\asus\desktop\viettho\turnbasedgame\windowscore\windowscore\windowscore\x64\release\shatranj_search.obj
c:\users\asus\desktop\viettho\turnbasedgame\windowscore\windowscore\windowscore\x64\release\shatranj_tbprobe.obj
c:\users\asus\desktop\viettho\turnbasedgame\windowscore\windowscore\windowscore\x64\release\shatranj_thread.obj
c:\users\asus\desktop\viettho\turnbasedgame\windowscore\windowscore\windowscore\x64\release\shatranj_timeman.obj
c:\users\asus\desktop\viettho\turnbasedgame\windowscore\windowscore\windowscore\x64\release\shatranj_tt.obj
c:\users\asus\desktop\viettho\turnbasedgame\windowscore\windowscore\windowscore\x64\release\shatranj_uci.obj
c:\users\asus\desktop\viettho\turnbasedgame\windowscore\windowscore\windowscore\x64\release\shatranj_ucioption.obj
c:\users\asus\desktop\viettho\turnbasedgame\windowscore\windowscore\windowscore\x64\release\shogi_benchmark.obj
c:\users\asus\desktop\viettho\turnbasedgame\windowscore\windowscore\windowscore\x64\release\shogi_bitboard.obj
c:\users\asus\desktop\viettho\turnbasedgame\windowscore\windowscore\windowscore\x64\release\shogi_book.obj
c:\users\asus\desktop\viettho\turnbasedgame\windowscore\windowscore\windowscore\x64\release\shogi_common.obj
c:\users\asus\desktop\viettho\turnbasedgame\windowscore\windowscore\windowscore\x64\release\shogi_evallist.obj
c:\users\asus\desktop\viettho\turnbasedgame\windowscore\windowscore\windowscore\x64\release\shogi_evaluate.obj
c:\users\asus\desktop\viettho\turnbasedgame\windowscore\windowscore\windowscore\x64\release\shogi_generatemoves.obj
c:\users\asus\desktop\viettho\turnbasedgame\windowscore\windowscore\windowscore\x64\release\shogi_hand.obj
c:\users\asus\desktop\viettho\turnbasedgame\windowscore\windowscore\windowscore\x64\release\shogi_init.obj
c:\users\asus\desktop\viettho\turnbasedgame\windowscore\windowscore\windowscore\x64\release\shogi_jni.obj
c:\users\asus\desktop\viettho\turnbasedgame\windowscore\windowscore\windowscore\x64\release\shogi_move.obj
c:\users\asus\desktop\viettho\turnbasedgame\windowscore\windowscore\windowscore\x64\release\shogi_movepicker.obj
c:\users\asus\desktop\viettho\turnbasedgame\windowscore\windowscore\windowscore\x64\release\shogi_mt64bit.obj
c:\users\asus\desktop\viettho\turnbasedgame\windowscore\windowscore\windowscore\x64\release\shogi_piecescore.obj
c:\users\asus\desktop\viettho\turnbasedgame\windowscore\windowscore\windowscore\x64\release\shogi_position.obj
c:\users\asus\desktop\viettho\turnbasedgame\windowscore\windowscore\windowscore\x64\release\shogi_search.obj
c:\users\asus\desktop\viettho\turnbasedgame\windowscore\windowscore\windowscore\x64\release\shogi_square.obj
c:\users\asus\desktop\viettho\turnbasedgame\windowscore\windowscore\windowscore\x64\release\shogi_thread.obj
c:\users\asus\desktop\viettho\turnbasedgame\windowscore\windowscore\windowscore\x64\release\shogi_timemanager.obj
c:\users\asus\desktop\viettho\turnbasedgame\windowscore\windowscore\windowscore\x64\release\shogi_tt.obj
c:\users\asus\desktop\viettho\turnbasedgame\windowscore\windowscore\windowscore\x64\release\shogi_usi.obj
c:\users\asus\desktop\viettho\turnbasedgame\windowscore\windowscore\windowscore\x64\release\solitaire_card.obj
c:\users\asus\desktop\viettho\turnbasedgame\windowscore\windowscore\windowscore\x64\release\solitaire_jni.obj
c:\users\asus\desktop\viettho\turnbasedgame\windowscore\windowscore\windowscore\x64\release\solitaire_move.obj
c:\users\asus\desktop\viettho\turnbasedgame\windowscore\windowscore\windowscore\x64\release\solitaire_pile.obj
c:\users\asus\desktop\viettho\turnbasedgame\windowscore\windowscore\windowscore\x64\release\solitaire_solitaire.obj
c:\users\asus\desktop\viettho\turnbasedgame\windowscore\windowscore\windowscore\x64\release\weiqi_1lib.obj
c:\users\asus\desktop\viettho\turnbasedgame\windowscore\windowscore\windowscore\x64\release\weiqi_2lib.obj
c:\users\asus\desktop\viettho\turnbasedgame\windowscore\windowscore\windowscore\x64\release\weiqi_board.obj
c:\users\asus\desktop\viettho\turnbasedgame\windowscore\windowscore\windowscore\x64\release\weiqi_dcnn.obj
c:\users\asus\desktop\viettho\turnbasedgame\windowscore\windowscore\windowscore\x64\release\weiqi_distributed.obj
c:\users\asus\desktop\viettho\turnbasedgame\windowscore\windowscore\windowscore\x64\release\weiqi_dragon.obj
c:\users\asus\desktop\viettho\turnbasedgame\windowscore\windowscore\windowscore\x64\release\weiqi_dynkomi.obj
c:\users\asus\desktop\viettho\turnbasedgame\windowscore\windowscore\windowscore\x64\release\weiqi_engine.obj
c:\users\asus\desktop\viettho\turnbasedgame\windowscore\windowscore\windowscore\x64\release\weiqi_fbook.obj
c:\users\asus\desktop\viettho\turnbasedgame\windowscore\windowscore\windowscore\x64\release\weiqi_generic.obj
c:\users\asus\desktop\viettho\turnbasedgame\windowscore\windowscore\windowscore\x64\release\weiqi_gogui.obj
c:\users\asus\desktop\viettho\turnbasedgame\windowscore\windowscore\windowscore\x64\release\weiqi_jni.obj
c:\users\asus\desktop\viettho\turnbasedgame\windowscore\windowscore\windowscore\x64\release\weiqi_josekibase.obj
c:\users\asus\desktop\viettho\turnbasedgame\windowscore\windowscore\windowscore\x64\release\weiqi_ladder.obj
c:\users\asus\desktop\viettho\turnbasedgame\windowscore\windowscore\windowscore\x64\release\weiqi_light.obj
c:\users\asus\desktop\viettho\turnbasedgame\windowscore\windowscore\windowscore\x64\release\weiqi_moggy.obj
c:\users\asus\desktop\viettho\turnbasedgame\windowscore\windowscore\windowscore\x64\release\weiqi_montecarlo.obj
c:\users\asus\desktop\viettho\turnbasedgame\windowscore\windowscore\windowscore\x64\release\weiqi_move.obj
c:\users\asus\desktop\viettho\turnbasedgame\windowscore\windowscore\windowscore\x64\release\weiqi_mq.obj
c:\users\asus\desktop\viettho\turnbasedgame\windowscore\windowscore\windowscore\x64\release\weiqi_nakade.obj
c:\users\asus\desktop\viettho\turnbasedgame\windowscore\windowscore\windowscore\x64\release\weiqi_nlib.obj
c:\users\asus\desktop\viettho\turnbasedgame\windowscore\windowscore\windowscore\x64\release\weiqi_ownermap.obj
c:\users\asus\desktop\viettho\turnbasedgame\windowscore\windowscore\windowscore\x64\release\weiqi_pattern.obj
c:\users\asus\desktop\viettho\turnbasedgame\windowscore\windowscore\windowscore\x64\release\weiqi_pattern3.obj
c:\users\asus\desktop\viettho\turnbasedgame\windowscore\windowscore\windowscore\x64\release\weiqi_patternplay.obj
c:\users\asus\desktop\viettho\turnbasedgame\windowscore\windowscore\windowscore\x64\release\weiqi_patternprob.obj
c:\users\asus\desktop\viettho\turnbasedgame\windowscore\windowscore\windowscore\x64\release\weiqi_patternscan.obj
c:\users\asus\desktop\viettho\turnbasedgame\windowscore\windowscore\windowscore\x64\release\weiqi_patternsp.obj
c:\users\asus\desktop\viettho\turnbasedgame\windowscore\windowscore\windowscore\x64\release\weiqi_playout.obj
c:\users\asus\desktop\viettho\turnbasedgame\windowscore\windowscore\windowscore\x64\release\weiqi_plugins.obj
c:\users\asus\desktop\viettho\turnbasedgame\windowscore\windowscore\windowscore\x64\release\weiqi_position.obj
c:\users\asus\desktop\viettho\turnbasedgame\windowscore\windowscore\windowscore\x64\release\weiqi_prior.obj
c:\users\asus\desktop\viettho\turnbasedgame\windowscore\windowscore\windowscore\x64\release\weiqi_probdist.obj
c:\users\asus\desktop\viettho\turnbasedgame\windowscore\windowscore\windowscore\x64\release\weiqi_random.obj
c:\users\asus\desktop\viettho\turnbasedgame\windowscore\windowscore\windowscore\x64\release\weiqi_random_engine.obj
c:\users\asus\desktop\viettho\turnbasedgame\windowscore\windowscore\windowscore\x64\release\weiqi_search.obj
c:\users\asus\desktop\viettho\turnbasedgame\windowscore\windowscore\windowscore\x64\release\weiqi_seki.obj
c:\users\asus\desktop\viettho\turnbasedgame\windowscore\windowscore\windowscore\x64\release\weiqi_selfatari.obj
c:\users\asus\desktop\viettho\turnbasedgame\windowscore\windowscore\windowscore\x64\release\weiqi_slave.obj
c:\users\asus\desktop\viettho\turnbasedgame\windowscore\windowscore\windowscore\x64\release\weiqi_stats.obj
c:\users\asus\desktop\viettho\turnbasedgame\windowscore\windowscore\windowscore\x64\release\weiqi_stone.obj
c:\users\asus\desktop\viettho\turnbasedgame\windowscore\windowscore\windowscore\x64\release\weiqi_tactics_util.obj
c:\users\asus\desktop\viettho\turnbasedgame\windowscore\windowscore\windowscore\x64\release\weiqi_timeinfo.obj
c:\users\asus\desktop\viettho\turnbasedgame\windowscore\windowscore\windowscore\x64\release\weiqi_tree.obj
c:\users\asus\desktop\viettho\turnbasedgame\windowscore\windowscore\windowscore\x64\release\weiqi_ucb1.obj
c:\users\asus\desktop\viettho\turnbasedgame\windowscore\windowscore\windowscore\x64\release\weiqi_ucb1amaf.obj
c:\users\asus\desktop\viettho\turnbasedgame\windowscore\windowscore\windowscore\x64\release\weiqi_uct.obj
c:\users\asus\desktop\viettho\turnbasedgame\windowscore\windowscore\windowscore\x64\release\weiqi_util.obj
c:\users\asus\desktop\viettho\turnbasedgame\windowscore\windowscore\windowscore\x64\release\weiqi_walk.obj
c:\users\asus\desktop\viettho\turnbasedgame\windowscore\windowscore\windowscore\x64\release\xiangqi_book.obj
c:\users\asus\desktop\viettho\turnbasedgame\windowscore\windowscore\windowscore\x64\release\xiangqi_cchess.obj
c:\users\asus\desktop\viettho\turnbasedgame\windowscore\windowscore\windowscore\x64\release\xiangqi_evaluate.obj
c:\users\asus\desktop\viettho\turnbasedgame\windowscore\windowscore\windowscore\x64\release\xiangqi_genmoves.obj
c:\users\asus\desktop\viettho\turnbasedgame\windowscore\windowscore\windowscore\x64\release\xiangqi_hash.obj
c:\users\asus\desktop\viettho\turnbasedgame\windowscore\windowscore\windowscore\x64\release\xiangqi_jni.obj
c:\users\asus\desktop\viettho\turnbasedgame\windowscore\windowscore\windowscore\x64\release\xiangqi_movesort.obj
c:\users\asus\desktop\viettho\turnbasedgame\windowscore\windowscore\windowscore\x64\release\xiangqi_pgnfile.obj
c:\users\asus\desktop\viettho\turnbasedgame\windowscore\windowscore\windowscore\x64\release\xiangqi_position.obj
c:\users\asus\desktop\viettho\turnbasedgame\windowscore\windowscore\windowscore\x64\release\xiangqi_preeval.obj
c:\users\asus\desktop\viettho\turnbasedgame\windowscore\windowscore\windowscore\x64\release\xiangqi_pregen.obj
c:\users\asus\desktop\viettho\turnbasedgame\windowscore\windowscore\windowscore\x64\release\xiangqi_search.obj
c:\users\asus\desktop\viettho\turnbasedgame\windowscore\windowscore\windowscore\x64\release\xiangqi_ucci.obj
c:\users\asus\desktop\viettho\turnbasedgame\windowscore\windowscore\windowscore\x64\release\xiangqi_x86asm.obj
c:\users\asus\desktop\viettho\turnbasedgame\windowscore\windowscore\windowscore\x64\release\vc141.pdb
c:\users\asus\desktop\viettho\turnbasedgame\windowscore\windowscore\x64\release\windowscore.pdb
c:\users\asus\desktop\viettho\turnbasedgame\windowscore\windowscore\x64\release\windowscore.dll
c:\users\asus\desktop\viettho\turnbasedgame\windowscore\windowscore\windowscore\x64\release\windowscore.tlog\cl.command.1.tlog
c:\users\asus\desktop\viettho\turnbasedgame\windowscore\windowscore\windowscore\x64\release\windowscore.tlog\cl.read.1.tlog
c:\users\asus\desktop\viettho\turnbasedgame\windowscore\windowscore\windowscore\x64\release\windowscore.tlog\cl.write.1.tlog
c:\users\asus\desktop\viettho\turnbasedgame\windowscore\windowscore\windowscore\x64\release\windowscore.tlog\link.command.1.tlog
c:\users\asus\desktop\viettho\turnbasedgame\windowscore\windowscore\windowscore\x64\release\windowscore.tlog\link.read.1.tlog
c:\users\asus\desktop\viettho\turnbasedgame\windowscore\windowscore\windowscore\x64\release\windowscore.tlog\link.write.1.tlog
c:\users\asus\desktop\viettho\turnbasedgame\windowscore\windowscore\windowscore\x64\release\windowscore.tlog\windowscore.write.1u.tlog
